<?xml version="1.0" encoding="UTF-8"?>
<!-- Generated by org.testng.reporters.JUnitReportReporter -->
<testsuite hostname="IN-PG0352C3" failures="0" tests="1" name="jenkinsMavenIntegration.SampleTestCase" time="5.452" errors="0" timestamp="2023-10-04T19:05:37 IST" skipped="0">
  <testcase classname="jenkinsMavenIntegration.SampleTestCase" name="searchProduct" time="5.452"/>
  <system-out/>
</testsuite> <!-- jenkinsMavenIntegration.SampleTestCase -->
