<?xml version="1.0" encoding="UTF-8"?>
<!-- Generated by org.testng.reporters.JUnitReportReporter -->
<testsuite hostname="IN-PG0352C3" failures="0" tests="5" name="jenkinsMavenIntegration.SampleTestCase" time="19.340" errors="0" timestamp="2023-10-04T21:53:26 IST" skipped="0">
  <testcase classname="jenkinsMavenIntegration.SampleTestCase" name="specialCharSearch" time="3.424"/>
  <system-out/>
  <testcase classname="jenkinsMavenIntegration.SampleTestCase" name="searchProduct" time="4.178"/>
  <system-out/>
  <testcase classname="jenkinsMavenIntegration.SampleTestCase" name="notExisted" time="3.712"/>
  <system-out/>
  <testcase classname="jenkinsMavenIntegration.SampleTestCase" name="launchBrowser" time="4.608"/>
  <system-out/>
  <testcase classname="jenkinsMavenIntegration.SampleTestCase" name="launchBrowser2" time="3.418"/>
  <system-out/>
</testsuite> <!-- jenkinsMavenIntegration.SampleTestCase -->
